<?xml version="1.0" encoding="UTF-8"?>
<!-- Generated by org.testng.reporters.JUnitReportReporter -->
<testsuite hostname="DESKTOP-PHLKVQ5" failures="0" tests="2" name="MyTest.GoogleTest" time="7.260" errors="0" timestamp="2023-06-02T21:49:18 IST" skipped="0">
  <testcase classname="MyTest.GoogleTest" name="titleTest" time="4.619"/>
  <testcase classname="MyTest.GoogleTest" name="isSearchExit" time="2.641"/>
</testsuite> <!-- MyTest.GoogleTest -->
