<?xml version="1.0" encoding="UTF-8"?>
<!-- Generated by org.testng.reporters.JUnitReportReporter -->
<testsuite hostname="DESKTOP-PHLKVQ5" failures="0" tests="2" name="MyTest.OpenCartTest" time="1.218" errors="0" timestamp="2023-06-02T21:49:18 IST" skipped="0">
  <testcase classname="MyTest.OpenCartTest" name="logotest" time="0.574"/>
  <testcase classname="MyTest.OpenCartTest" name="forgetPwdLinkExitTest" time="0.644"/>
</testsuite> <!-- MyTest.OpenCartTest -->
